<?xml version="1.0" encoding="UTF-8"?>
<!-- Generated by org.testng.reporters.JUnitXMLReporter -->
<testsuite ignored="0" hostname="DESKTOP-KMGCPJB" failures="0" tests="2" name="Error Validation" time="57.233" errors="0" timestamp="2024-06-12T20:30:28 IST">
  <testcase classname="FW24.Tests.ErrorValidationTests" name="cartProductErrorValidation" time="7.157"/>
  <testcase classname="FW24.Tests.ErrorValidationTests" name="loginErrorValidation" time="1.966"/>
</testsuite> <!-- Error Validation -->
