<?xml version="1.0" encoding="UTF-8"?>
<!-- Generated by org.testng.reporters.JUnitXMLReporter -->
<testsuite ignored="0" hostname="DESKTOP-KMGCPJB" failures="0" tests="4" name="Submit Order" time="116.384" errors="0" timestamp="2024-06-12T20:31:25 IST">
  <testcase classname="FW24.Tests.SubmitOrderTests" name="submitOrder" time="9.173"/>
  <testcase classname="FW24.Tests.SubmitOrderTests" name="submitOrder" time="8.032"/>
  <testcase classname="FW24.Tests.SubmitOrderTests" name="submitOrder" time="9.022"/>
  <testcase classname="FW24.Tests.SubmitOrderTests" name="orderHistory" time="2.746"/>
</testsuite> <!-- Submit Order -->
