<?xml version="1.0" encoding="UTF-8"?>
<testng-results ignored="0" total="1" passed="1" failed="0" skipped="0">
  <reporter-output>
  </reporter-output>
  <suite started-at="2024-07-03T18:29:50 IST" name="Default suite" finished-at="2024-07-03T18:31:18 IST" duration-ms="88073">
    <groups>
    </groups>
    <test started-at="2024-07-03T18:29:50 IST" name="Default test" finished-at="2024-07-03T18:31:18 IST" duration-ms="88073">
      <class name="FW24.Tests.GitWriteaaaAndUplodCodeUser2_1">
        <test-method is-config="true" signature="launchApplication()[pri:0, instance:FW24.Tests.GitWriteaaaAndUplodCodeUser2_1@6b81ce95]" started-at="2024-07-03T18:29:50 IST" name="launchApplication" finished-at="2024-07-03T18:31:07 IST" duration-ms="77128" status="PASS">
          <reporter-output>
          </reporter-output>
        </test-method> <!-- launchApplication -->
        <test-method signature="test1()[pri:0, instance:FW24.Tests.GitWriteaaaAndUplodCodeUser2_1@6b81ce95]" started-at="2024-07-03T18:31:07 IST" name="test1" finished-at="2024-07-03T18:31:07 IST" duration-ms="143" status="PASS">
          <reporter-output>
          </reporter-output>
        </test-method> <!-- test1 -->
        <test-method is-config="true" signature="tearDown()[pri:0, instance:FW24.Tests.GitWriteaaaAndUplodCodeUser2_1@6b81ce95]" started-at="2024-07-03T18:31:07 IST" name="tearDown" finished-at="2024-07-03T18:31:17 IST" duration-ms="10465" status="PASS">
          <reporter-output>
          </reporter-output>
        </test-method> <!-- tearDown -->
      </class> <!-- FW24.Tests.GitWriteaaaAndUplodCodeUser2_1 -->
    </test> <!-- Default test -->
  </suite> <!-- Default suite -->
</testng-results>
